[2024-05-11 09:28:54] local.ERROR: syntax error, unexpected token "," {"exception":"[object] (ParseError(code: 0): syntax error, unexpected token \",\" at C:\\laravels\\laravelAuthentication\\routes\\web.php:24)
[stacktrace]
#0 C:\\laravels\\laravelAuthentication\\vendor\\laravel\\framework\\src\\Illuminate\\Routing\\Router.php(511): Illuminate\\Routing\\RouteFileRegistrar->register()
#1 C:\\laravels\\laravelAuthentication\\vendor\\laravel\\framework\\src\\Illuminate\\Routing\\Router.php(465): Illuminate\\Routing\\Router->loadRoutes()
#2 C:\\laravels\\laravelAuthentication\\vendor\\laravel\\framework\\src\\Illuminate\\Routing\\RouteRegistrar.php(194): Illuminate\\Routing\\Router->group()
#3 C:\\laravels\\laravelAuthentication\\app\\Providers\\RouteServiceProvider.php(37): Illuminate\\Routing\\RouteRegistrar->group()
#4 C:\\laravels\\laravelAuthentication\\vendor\\laravel\\framework\\src\\Illuminate\\Container\\BoundMethod.php(36): App\\Providers\\RouteServiceProvider->App\\Providers\\{closure}()
#5 C:\\laravels\\laravelAuthentication\\vendor\\laravel\\framework\\src\\Illuminate\\Container\\Util.php(41): Illuminate\\Container\\BoundMethod::Illuminate\\Container\\{closure}()
#6 C:\\laravels\\laravelAuthentication\\vendor\\laravel\\framework\\src\\Illuminate\\Container\\BoundMethod.php(81): Illuminate\\Container\\Util::unwrapIfClosure()
#7 C:\\laravels\\laravelAuthentication\\vendor\\laravel\\framework\\src\\Illuminate\\Container\\BoundMethod.php(35): Illuminate\\Container\\BoundMethod::callBoundMethod()
#8 C:\\laravels\\laravelAuthentication\\vendor\\laravel\\framework\\src\\Illuminate\\Container\\Container.php(662): Illuminate\\Container\\BoundMethod::call()
#9 C:\\laravels\\laravelAuthentication\\vendor\\laravel\\framework\\src\\Illuminate\\Foundation\\Support\\Providers\\RouteServiceProvider.php(120): Illuminate\\Container\\Container->call()
#10 C:\\laravels\\laravelAuthentication\\vendor\\laravel\\framework\\src\\Illuminate\\Foundation\\Support\\Providers\\RouteServiceProvider.php(45): Illuminate\\Foundation\\Support\\Providers\\RouteServiceProvider->loadRoutes()
#11 C:\\laravels\\laravelAuthentication\\vendor\\laravel\\framework\\src\\Illuminate\\Container\\BoundMethod.php(36): Illuminate\\Foundation\\Support\\Providers\\RouteServiceProvider->Illuminate\\Foundation\\Support\\Providers\\{closure}()
#12 C:\\laravels\\laravelAuthentication\\vendor\\laravel\\framework\\src\\Illuminate\\Container\\Util.php(41): Illuminate\\Container\\BoundMethod::Illuminate\\Container\\{closure}()
#13 C:\\laravels\\laravelAuthentication\\vendor\\laravel\\framework\\src\\Illuminate\\Container\\BoundMethod.php(81): Illuminate\\Container\\Util::unwrapIfClosure()
#14 C:\\laravels\\laravelAuthentication\\vendor\\laravel\\framework\\src\\Illuminate\\Container\\BoundMethod.php(35): Illuminate\\Container\\BoundMethod::callBoundMethod()
#15 C:\\laravels\\laravelAuthentication\\vendor\\laravel\\framework\\src\\Illuminate\\Container\\Container.php(662): Illuminate\\Container\\BoundMethod::call()
#16 C:\\laravels\\laravelAuthentication\\vendor\\laravel\\framework\\src\\Illuminate\\Support\\ServiceProvider.php(119): Illuminate\\Container\\Container->call()
#17 C:\\laravels\\laravelAuthentication\\vendor\\laravel\\framework\\src\\Illuminate\\Foundation\\Application.php(1037): Illuminate\\Support\\ServiceProvider->callBootedCallbacks()
#18 C:\\laravels\\laravelAuthentication\\vendor\\laravel\\framework\\src\\Illuminate\\Foundation\\Application.php(1015): Illuminate\\Foundation\\Application->bootProvider()
#19 [internal function]: Illuminate\\Foundation\\Application->Illuminate\\Foundation\\{closure}()
#20 C:\\laravels\\laravelAuthentication\\vendor\\laravel\\framework\\src\\Illuminate\\Foundation\\Application.php(1014): array_walk()
#21 C:\\laravels\\laravelAuthentication\\vendor\\laravel\\framework\\src\\Illuminate\\Foundation\\Bootstrap\\BootProviders.php(17): Illuminate\\Foundation\\Application->boot()
#22 C:\\laravels\\laravelAuthentication\\vendor\\laravel\\framework\\src\\Illuminate\\Foundation\\Application.php(263): Illuminate\\Foundation\\Bootstrap\\BootProviders->bootstrap()
#23 C:\\laravels\\laravelAuthentication\\vendor\\laravel\\framework\\src\\Illuminate\\Foundation\\Http\\Kernel.php(186): Illuminate\\Foundation\\Application->bootstrapWith()
#24 C:\\laravels\\laravelAuthentication\\vendor\\laravel\\framework\\src\\Illuminate\\Foundation\\Http\\Kernel.php(170): Illuminate\\Foundation\\Http\\Kernel->bootstrap()
#25 C:\\laravels\\laravelAuthentication\\vendor\\laravel\\framework\\src\\Illuminate\\Foundation\\Http\\Kernel.php(144): Illuminate\\Foundation\\Http\\Kernel->sendRequestThroughRouter()
#26 C:\\laravels\\laravelAuthentication\\public\\index.php(51): Illuminate\\Foundation\\Http\\Kernel->handle()
#27 C:\\laravels\\laravelAuthentication\\vendor\\laravel\\framework\\src\\Illuminate\\Foundation\\resources\\server.php(16): require_once('...')
#28 {main}
"} 
[2024-05-11 09:28:57] local.ERROR: Attribute [p] does not exist. {"exception":"[object] (InvalidArgumentException(code: 0): Attribute [p] does not exist. at C:\\laravels\\laravelAuthentication\\vendor\\laravel\\framework\\src\\Illuminate\\Routing\\RouteRegistrar.php:112)
[stacktrace]
#0 C:\\laravels\\laravelAuthentication\\vendor\\laravel\\framework\\src\\Illuminate\\Routing\\Router.php(1502): Illuminate\\Routing\\RouteRegistrar->attribute()
#1 C:\\laravels\\laravelAuthentication\\vendor\\laravel\\framework\\src\\Illuminate\\Support\\Facades\\Facade.php(355): Illuminate\\Routing\\Router->__call()
#2 C:\\laravels\\laravelAuthentication\\routes\\web.php(22): Illuminate\\Support\\Facades\\Facade::__callStatic()
#3 C:\\laravels\\laravelAuthentication\\vendor\\laravel\\framework\\src\\Illuminate\\Routing\\RouteFileRegistrar.php(35): require('...')
#4 C:\\laravels\\laravelAuthentication\\vendor\\laravel\\framework\\src\\Illuminate\\Routing\\Router.php(511): Illuminate\\Routing\\RouteFileRegistrar->register()
#5 C:\\laravels\\laravelAuthentication\\vendor\\laravel\\framework\\src\\Illuminate\\Routing\\Router.php(465): Illuminate\\Routing\\Router->loadRoutes()
#6 C:\\laravels\\laravelAuthentication\\vendor\\laravel\\framework\\src\\Illuminate\\Routing\\RouteRegistrar.php(194): Illuminate\\Routing\\Router->group()
#7 C:\\laravels\\laravelAuthentication\\app\\Providers\\RouteServiceProvider.php(37): Illuminate\\Routing\\RouteRegistrar->group()
#8 C:\\laravels\\laravelAuthentication\\vendor\\laravel\\framework\\src\\Illuminate\\Container\\BoundMethod.php(36): App\\Providers\\RouteServiceProvider->App\\Providers\\{closure}()
#9 C:\\laravels\\laravelAuthentication\\vendor\\laravel\\framework\\src\\Illuminate\\Container\\Util.php(41): Illuminate\\Container\\BoundMethod::Illuminate\\Container\\{closure}()
#10 C:\\laravels\\laravelAuthentication\\vendor\\laravel\\framework\\src\\Illuminate\\Container\\BoundMethod.php(81): Illuminate\\Container\\Util::unwrapIfClosure()
#11 C:\\laravels\\laravelAuthentication\\vendor\\laravel\\framework\\src\\Illuminate\\Container\\BoundMethod.php(35): Illuminate\\Container\\BoundMethod::callBoundMethod()
#12 C:\\laravels\\laravelAuthentication\\vendor\\laravel\\framework\\src\\Illuminate\\Container\\Container.php(662): Illuminate\\Container\\BoundMethod::call()
#13 C:\\laravels\\laravelAuthentication\\vendor\\laravel\\framework\\src\\Illuminate\\Foundation\\Support\\Providers\\RouteServiceProvider.php(120): Illuminate\\Container\\Container->call()
#14 C:\\laravels\\laravelAuthentication\\vendor\\laravel\\framework\\src\\Illuminate\\Foundation\\Support\\Providers\\RouteServiceProvider.php(45): Illuminate\\Foundation\\Support\\Providers\\RouteServiceProvider->loadRoutes()
#15 C:\\laravels\\laravelAuthentication\\vendor\\laravel\\framework\\src\\Illuminate\\Container\\BoundMethod.php(36): Illuminate\\Foundation\\Support\\Providers\\RouteServiceProvider->Illuminate\\Foundation\\Support\\Providers\\{closure}()
#16 C:\\laravels\\laravelAuthentication\\vendor\\laravel\\framework\\src\\Illuminate\\Container\\Util.php(41): Illuminate\\Container\\BoundMethod::Illuminate\\Container\\{closure}()
#17 C:\\laravels\\laravelAuthentication\\vendor\\laravel\\framework\\src\\Illuminate\\Container\\BoundMethod.php(81): Illuminate\\Container\\Util::unwrapIfClosure()
#18 C:\\laravels\\laravelAuthentication\\vendor\\laravel\\framework\\src\\Illuminate\\Container\\BoundMethod.php(35): Illuminate\\Container\\BoundMethod::callBoundMethod()
#19 C:\\laravels\\laravelAuthentication\\vendor\\laravel\\framework\\src\\Illuminate\\Container\\Container.php(662): Illuminate\\Container\\BoundMethod::call()
#20 C:\\laravels\\laravelAuthentication\\vendor\\laravel\\framework\\src\\Illuminate\\Support\\ServiceProvider.php(119): Illuminate\\Container\\Container->call()
#21 C:\\laravels\\laravelAuthentication\\vendor\\laravel\\framework\\src\\Illuminate\\Foundation\\Application.php(1037): Illuminate\\Support\\ServiceProvider->callBootedCallbacks()
#22 C:\\laravels\\laravelAuthentication\\vendor\\laravel\\framework\\src\\Illuminate\\Foundation\\Application.php(1015): Illuminate\\Foundation\\Application->bootProvider()
#23 [internal function]: Illuminate\\Foundation\\Application->Illuminate\\Foundation\\{closure}()
#24 C:\\laravels\\laravelAuthentication\\vendor\\laravel\\framework\\src\\Illuminate\\Foundation\\Application.php(1014): array_walk()
#25 C:\\laravels\\laravelAuthentication\\vendor\\laravel\\framework\\src\\Illuminate\\Foundation\\Bootstrap\\BootProviders.php(17): Illuminate\\Foundation\\Application->boot()
#26 C:\\laravels\\laravelAuthentication\\vendor\\laravel\\framework\\src\\Illuminate\\Foundation\\Application.php(263): Illuminate\\Foundation\\Bootstrap\\BootProviders->bootstrap()
#27 C:\\laravels\\laravelAuthentication\\vendor\\laravel\\framework\\src\\Illuminate\\Foundation\\Http\\Kernel.php(186): Illuminate\\Foundation\\Application->bootstrapWith()
#28 C:\\laravels\\laravelAuthentication\\vendor\\laravel\\framework\\src\\Illuminate\\Foundation\\Http\\Kernel.php(170): Illuminate\\Foundation\\Http\\Kernel->bootstrap()
#29 C:\\laravels\\laravelAuthentication\\vendor\\laravel\\framework\\src\\Illuminate\\Foundation\\Http\\Kernel.php(144): Illuminate\\Foundation\\Http\\Kernel->sendRequestThroughRouter()
#30 C:\\laravels\\laravelAuthentication\\public\\index.php(51): Illuminate\\Foundation\\Http\\Kernel->handle()
#31 C:\\laravels\\laravelAuthentication\\vendor\\laravel\\framework\\src\\Illuminate\\Foundation\\resources\\server.php(16): require_once('...')
#32 {main}
"} 
